<?xml version="1.0" encoding="UTF-8"?>
<!-- Generated by org.testng.reporters.JUnitReportReporter -->
<testsuite hostname="DESKTOP-SL5F8NA" failures="0" tests="1" name="TestCases.Class1" time="0.011" errors="0" timestamp="2024-12-05T13:03:03 IST" skipped="0">
  <testcase classname="TestCases.Class1" name="class1Method" time="0.011"/>
</testsuite> <!-- TestCases.Class1 -->
