<?xml version="1.0" encoding="UTF-8"?>
<!-- Generated by org.testng.reporters.JUnitReportReporter -->
<testsuite hostname="DESKTOP-SL5F8NA" failures="0" tests="1" name="TestCases.SampleClass" time="0.009" errors="0" timestamp="2024-12-05T15:11:45 IST" skipped="0">
  <testcase classname="TestCases.SampleClass" name="sampleMethod" time="0.009"/>
</testsuite> <!-- TestCases.SampleClass -->
