<?xml version="1.0" encoding="UTF-8"?>
<!-- Generated by org.testng.reporters.JUnitReportReporter -->
<testsuite hostname="DESKTOP-SL5F8NA" failures="0" tests="1" name="Class1" time="0.006" errors="0" timestamp="2024-12-05T10:39:24 IST" skipped="0">
  <testcase classname="Class1" name="class1Method" time="0.006"/>
</testsuite> <!-- Class1 -->
